<?xml version="1.0" encoding="UTF-8"?>
<testsuite name="FizzBuzzSpec" tests="6" skipped="0" failures="0" errors="0" timestamp="2016-09-15T12:31:45" hostname="Hanifs-MBP-2" time="0.152">
  <properties/>
  <testcase name="return fizz with multiple of 3" classname="FizzBuzzSpec" time="0.13"/>
  <testcase name="return buzz with multiple of 5" classname="FizzBuzzSpec" time="0.001"/>
  <testcase name="return buzz with multiple of 15" classname="FizzBuzzSpec" time="0.002"/>
  <testcase name="does not return fizz, buzz or fizzbuzz when not 3, 5 or 15" classname="FizzBuzzSpec" time="0.003"/>
  <testcase name="return number when not 3, 5 or 15" classname="FizzBuzzSpec" time="0.001"/>
  <testcase name="return exits if any number is less than 1" classname="FizzBuzzSpec" time="0.013"/>
  <system-out><![CDATA[]]></system-out>
  <system-err><![CDATA[]]></system-err>
</testsuite>
