<?xml version="1.0" encoding="UTF-8"?>
<testsuite name="SentenceFilterSpec" tests="1" skipped="0" failures="0" errors="0" timestamp="2016-09-15T12:39:43" hostname="Hanifs-MBP-2" time="0.084">
  <properties/>
  <testcase name="working" classname="SentenceFilterSpec" time="0.084"/>
  <system-out><![CDATA[]]></system-out>
  <system-err><![CDATA[]]></system-err>
</testsuite>
