<?xml version="1.0" encoding="UTF-8"?>
<testsuite name="SentenceFilterSpec" tests="3" skipped="0" failures="0" errors="0" timestamp="2016-09-15T12:56:40" hostname="Hanifs-MBP-2" time="0.125">
  <properties/>
  <testcase name="replace 1 vowel in 1 word sentence" classname="SentenceFilterSpec" time="0.12"/>
  <testcase name="replace 2 same vowels in 1 word sentence" classname="SentenceFilterSpec" time="0.003"/>
  <testcase name="replace 2 different vowels in 1 word sentence" classname="SentenceFilterSpec" time="0.001"/>
  <system-out><![CDATA[]]></system-out>
  <system-err><![CDATA[]]></system-err>
</testsuite>
