<?xml version="1.0" encoding="UTF-8"?>
<testsuite name="SentenceFilterSpec" tests="5" skipped="0" failures="0" errors="0" timestamp="2016-09-15T16:28:11" hostname="Hanifs-MBP-2" time="0.14">
  <properties/>
  <testcase name="replace vowels in multiple word sentence" classname="SentenceFilterSpec" time="0.136"/>
  <testcase name="replace no vowels in multiple word sentence" classname="SentenceFilterSpec" time="0.001"/>
  <testcase name="replace muliple same banned word in multiple word sentence" classname="SentenceFilterSpec" time="0.001"/>
  <testcase name="replace muliple same banned word different cases in multiple word sentence" classname="SentenceFilterSpec" time="0.001"/>
  <testcase name="replace two different banned words in multiple word sentence" classname="SentenceFilterSpec" time="0.001"/>
  <system-out><![CDATA[]]></system-out>
  <system-err><![CDATA[]]></system-err>
</testsuite>
