<?xml version="1.0" encoding="UTF-8"?>
<testsuite name="SentenceFilterSpec" tests="4" skipped="0" failures="0" errors="0" timestamp="2016-09-15T13:09:27" hostname="Hanifs-MBP-2" time="0.247">
  <properties/>
  <testcase name="replace 1 vowel in 1 word sentence" classname="SentenceFilterSpec" time="0.207"/>
  <testcase name="replace 2 same vowels in 1 word sentence" classname="SentenceFilterSpec" time="0.001"/>
  <testcase name="replace 3 different vowels in 1 word sentence" classname="SentenceFilterSpec" time="0.001"/>
  <testcase name="replace n different vowels in 1 word sentence" classname="SentenceFilterSpec" time="0.03"/>
  <system-out><![CDATA[]]></system-out>
  <system-err><![CDATA[]]></system-err>
</testsuite>
