<?xml version="1.0" encoding="UTF-8"?>
<testsuite name="SentenceFilterSpec" tests="9" skipped="0" failures="0" errors="0" timestamp="2016-09-18T08:20:29" hostname="Hanifs-MBP-2" time="0.254">
  <properties/>
  <testcase name="001 replace vowels in multiple word sentence" classname="SentenceFilterSpec" time="0.206"/>
  <testcase name="002 replace no vowels in multiple word sentence" classname="SentenceFilterSpec" time="0.004"/>
  <testcase name="003 replace muliple same banned word in multiple word sentence" classname="SentenceFilterSpec" time="0.004"/>
  <testcase name="004 replace muliple same banned word different cases in multiple word sentence" classname="SentenceFilterSpec" time="0.008"/>
  <testcase name="005 replace two different banned words in multiple word sentence" classname="SentenceFilterSpec" time="0.01"/>
  <testcase name="006 replace banned word in another word" classname="SentenceFilterSpec" time="0.005"/>
  <testcase name="007 replace banned word in non exception word" classname="SentenceFilterSpec" time="0.006"/>
  <testcase name="008 use different set of exception words" classname="SentenceFilterSpec" time="0.003"/>
  <testcase name="010 replace space with space" classname="SentenceFilterSpec" time="0.003"/>
  <system-out><![CDATA[]]></system-out>
  <system-err><![CDATA[]]></system-err>
</testsuite>
